1621414800876	geckodriver	INFO	Listening on 127.0.0.1:59475
1621414801540	mozrunner::runner	INFO	Running command: "/usr/bin/firefox" "--marionette" "-foreground" "-no-remote" "-profile" "/tmp/rust_mozprofile3OQcs3"

(firefox-esr:7294): Gtk-WARNING **: 14:30:05.331: Theme file for Nordic-darker-standard-buttons has no name

(firefox-esr:7294): Gtk-WARNING **: 14:30:05.331: Theme file for Nordic-darker-standard-buttons has no directories
1621414809106	Marionette	INFO	Listening on port 44427
1621414809150	Marionette	WARN	TLS certificate errors will be ignored for this session
Exiting due to channel error.
Exiting due to channel error.
Exiting due to channel error.
1621415552487	geckodriver	INFO	Listening on 127.0.0.1:47413
1621415553491	mozrunner::runner	INFO	Running command: "/usr/bin/firefox" "--marionette" "-foreground" "-no-remote" "-profile" "/tmp/rust_mozprofileDat9zN"

(firefox-esr:8006): Gtk-WARNING **: 14:42:35.223: Theme file for Nordic-darker-standard-buttons has no name

(firefox-esr:8006): Gtk-WARNING **: 14:42:35.223: Theme file for Nordic-darker-standard-buttons has no directories
1621415558096	Marionette	INFO	Listening on port 42233
1621415558141	Marionette	WARN	TLS certificate errors will be ignored for this session
console.error: "Store does not have a valid reducer. Make sure the argument passed to combineReducers is an object whose values are reducers."
1621416137437	Marionette	INFO	Stopped listening on port 42233
1621416141626	geckodriver	INFO	Listening on 127.0.0.1:39093
1621416142119	mozrunner::runner	INFO	Running command: "/usr/bin/firefox" "--marionette" "-foreground" "-no-remote" "-profile" "/tmp/rust_mozprofile7wMwVU"

(firefox-esr:8599): Gtk-WARNING **: 14:52:25.357: Theme file for Nordic-darker-standard-buttons has no name

(firefox-esr:8599): Gtk-WARNING **: 14:52:25.357: Theme file for Nordic-darker-standard-buttons has no directories
1621416148665	Marionette	INFO	Listening on port 39925
1621416148772	Marionette	WARN	TLS certificate errors will be ignored for this session
console.error: "Store does not have a valid reducer. Make sure the argument passed to combineReducers is an object whose values are reducers."
1621417458893	Marionette	INFO	Stopped listening on port 39925
1621417471957	geckodriver	INFO	Listening on 127.0.0.1:45901
1621417473092	mozrunner::runner	INFO	Running command: "/usr/bin/firefox" "--marionette" "-foreground" "-no-remote" "-profile" "/tmp/rust_mozprofileCVSTUw"

(firefox-esr:9676): Gtk-WARNING **: 15:14:36.670: Theme file for Nordic-darker-standard-buttons has no name

(firefox-esr:9676): Gtk-WARNING **: 15:14:36.671: Theme file for Nordic-darker-standard-buttons has no directories
1621417479862	Marionette	INFO	Listening on port 41667
1621417479945	Marionette	WARN	TLS certificate errors will be ignored for this session
console.error: "Store does not have a valid reducer. Make sure the argument passed to combineReducers is an object whose values are reducers."
console.error: "Store does not have a valid reducer. Make sure the argument passed to combineReducers is an object whose values are reducers."
IPDL protocol error: Handler returned error code!

###!!! [Parent][DispatchAsyncMessage] Error: PLayerTransaction::Msg_ReleaseLayer Processing error: message was deserialized, but the handler returned false (indicating failure)

IPDL protocol error: Handler returned error code!

###!!! [Parent][DispatchAsyncMessage] Error: PLayerTransaction::Msg_ReleaseLayer Processing error: message was deserialized, but the handler returned false (indicating failure)

IPDL protocol error: Handler returned error code!

###!!! [Parent][DispatchAsyncMessage] Error: PLayerTransaction::Msg_ReleaseLayer Processing error: message was deserialized, but the handler returned false (indicating failure)

1621417579980	Marionette	INFO	Stopped listening on port 41667
1621418788403	geckodriver	INFO	Listening on 127.0.0.1:32843
1621418789216	mozrunner::runner	INFO	Running command: "/usr/bin/firefox" "--marionette" "-foreground" "-no-remote" "-profile" "/tmp/rust_mozprofileuHlD2Y"

(firefox-esr:16464): Gtk-WARNING **: 15:36:30.307: Theme file for Nordic-darker-standard-buttons has no name

(firefox-esr:16464): Gtk-WARNING **: 15:36:30.307: Theme file for Nordic-darker-standard-buttons has no directories
1621418793894	Marionette	INFO	Listening on port 35467
1621418793941	Marionette	WARN	TLS certificate errors will be ignored for this session
1621419485347	geckodriver	INFO	Listening on 127.0.0.1:47197
1621419485409	mozrunner::runner	INFO	Running command: "/usr/bin/firefox" "--marionette" "-foreground" "-no-remote" "-profile" "/tmp/rust_mozprofile2dwrPk"

(firefox-esr:17300): Gtk-WARNING **: 15:48:07.031: Theme file for Nordic-darker-standard-buttons has no name

(firefox-esr:17300): Gtk-WARNING **: 15:48:07.031: Theme file for Nordic-darker-standard-buttons has no directories
1621419491071	Marionette	INFO	Listening on port 39867
1621419491252	Marionette	WARN	TLS certificate errors will be ignored for this session
IPDL protocol error: Handler returned error code!

###!!! [Parent][DispatchAsyncMessage] Error: PLayerTransaction::Msg_ReleaseLayer Processing error: message was deserialized, but the handler returned false (indicating failure)

IPDL protocol error: Handler returned error code!

###!!! [Parent][DispatchAsyncMessage] Error: PLayerTransaction::Msg_ReleaseLayer Processing error: message was deserialized, but the handler returned false (indicating failure)

IPDL protocol error: Handler returned error code!

###!!! [Parent][DispatchAsyncMessage] Error: PLayerTransaction::Msg_ReleaseLayer Processing error: message was deserialized, but the handler returned false (indicating failure)

1621419576561	Marionette	INFO	Stopped listening on port 39867
1621419843810	geckodriver	INFO	Listening on 127.0.0.1:42089
1621419843818	mozrunner::runner	INFO	Running command: "/usr/bin/firefox" "--marionette" "-foreground" "-no-remote" "-profile" "/tmp/rust_mozprofilejELTSu"

(firefox-esr:17928): Gtk-WARNING **: 15:54:06.676: Theme file for Nordic-darker-standard-buttons has no name

(firefox-esr:17928): Gtk-WARNING **: 15:54:06.676: Theme file for Nordic-darker-standard-buttons has no directories
1621419849892	Marionette	INFO	Listening on port 46265
1621419849940	Marionette	WARN	TLS certificate errors will be ignored for this session
1621420386022	geckodriver	INFO	Listening on 127.0.0.1:37139
1621420386025	mozrunner::runner	INFO	Running command: "/usr/bin/firefox" "--marionette" "-foreground" "-no-remote" "-profile" "/tmp/rust_mozprofileKiPLhk"

(firefox-esr:18488): Gtk-WARNING **: 16:03:06.997: Theme file for Nordic-darker-standard-buttons has no name

(firefox-esr:18488): Gtk-WARNING **: 16:03:06.997: Theme file for Nordic-darker-standard-buttons has no directories
1621420388801	Marionette	INFO	Listening on port 35305
1621420388879	Marionette	WARN	TLS certificate errors will be ignored for this session
Exiting due to channel error.
Exiting due to channel error.
Exiting due to channel error.
1621420462606	geckodriver	INFO	Listening on 127.0.0.1:51713
1621420462609	mozrunner::runner	INFO	Running command: "/usr/bin/firefox" "--marionette" "-foreground" "-no-remote" "-profile" "/tmp/rust_mozprofileMlPg8T"

(firefox-esr:18741): Gtk-WARNING **: 16:04:23.707: Theme file for Nordic-darker-standard-buttons has no name

(firefox-esr:18741): Gtk-WARNING **: 16:04:23.707: Theme file for Nordic-darker-standard-buttons has no directories
1621420465702	Marionette	INFO	Listening on port 42495
1621420465766	Marionette	WARN	TLS certificate errors will be ignored for this session
1621420679111	geckodriver	INFO	Listening on 127.0.0.1:49431
1621420679116	mozrunner::runner	INFO	Running command: "/usr/bin/firefox" "--marionette" "-foreground" "-no-remote" "-profile" "/tmp/rust_mozprofilepLnyIe"

(firefox-esr:19056): Gtk-WARNING **: 16:08:01.481: Theme file for Nordic-darker-standard-buttons has no name

(firefox-esr:19056): Gtk-WARNING **: 16:08:01.481: Theme file for Nordic-darker-standard-buttons has no directories
1621420681636	Marionette	INFO	Stopped listening on port 35467
IPDL protocol error: Handler returned error code!

###!!! [Parent][DispatchAsyncMessage] Error: PLayerTransaction::Msg_ReleaseLayer Processing error: message was deserialized, but the handler returned false (indicating failure)

IPDL protocol error: Handler returned error code!

###!!! [Parent][DispatchAsyncMessage] Error: PLayerTransaction::Msg_ReleaseLayer Processing error: message was deserialized, but the handler returned false (indicating failure)

IPDL protocol error: Handler returned error code!

###!!! [Parent][DispatchAsyncMessage] Error: PLayerTransaction::Msg_ReleaseLayer Processing error: message was deserialized, but the handler returned false (indicating failure)

1621420683403	Marionette	INFO	Stopped listening on port 46265
1621420683743	Marionette	INFO	Listening on port 45489
1621420683830	Marionette	WARN	TLS certificate errors will be ignored for this session
1621420685011	Marionette	INFO	Stopped listening on port 42495
1621420697799	geckodriver	INFO	Listening on 127.0.0.1:49797
1621420697850	mozrunner::runner	INFO	Running command: "/usr/bin/firefox" "--marionette" "-foreground" "-no-remote" "-profile" "/tmp/rust_mozprofileBdxNTX"

(firefox-esr:19311): Gtk-WARNING **: 16:08:18.293: Theme file for Nordic-darker-standard-buttons has no name

(firefox-esr:19311): Gtk-WARNING **: 16:08:18.293: Theme file for Nordic-darker-standard-buttons has no directories
1621420699751	Marionette	INFO	Listening on port 34455
1621420699767	Marionette	WARN	TLS certificate errors will be ignored for this session
1621420703887	Marionette	INFO	Stopped listening on port 45489
1621420715097	Marionette	INFO	Stopped listening on port 34455
1621420720341	geckodriver	INFO	Listening on 127.0.0.1:51371
1621420720346	mozrunner::runner	INFO	Running command: "/usr/bin/firefox" "--marionette" "-foreground" "-no-remote" "-profile" "/tmp/rust_mozprofilezrQGQw"

(firefox-esr:19546): Gtk-WARNING **: 16:08:40.840: Theme file for Nordic-darker-standard-buttons has no name

(firefox-esr:19546): Gtk-WARNING **: 16:08:40.840: Theme file for Nordic-darker-standard-buttons has no directories
1621420722373	Marionette	INFO	Listening on port 32817
1621420722452	Marionette	WARN	TLS certificate errors will be ignored for this session
1621420753024	geckodriver	INFO	Listening on 127.0.0.1:45667
1621420753040	mozrunner::runner	INFO	Running command: "/usr/bin/firefox" "--marionette" "-foreground" "-no-remote" "-profile" "/tmp/rust_mozprofile4G5JTm"

(firefox-esr:19819): Gtk-WARNING **: 16:09:13.507: Theme file for Nordic-darker-standard-buttons has no name

(firefox-esr:19819): Gtk-WARNING **: 16:09:13.507: Theme file for Nordic-darker-standard-buttons has no directories
1621420754892	Marionette	INFO	Listening on port 43561
1621420754946	Marionette	WARN	TLS certificate errors will be ignored for this session
1621420760817	Marionette	INFO	Stopped listening on port 32817
IPDL protocol error: Handler returned error code!

###!!! [Parent][DispatchAsyncMessage] Error: PLayerTransaction::Msg_ReleaseLayer Processing error: message was deserialized, but the handler returned false (indicating failure)

IPDL protocol error: Handler returned error code!

###!!! [Parent][DispatchAsyncMessage] Error: PLayerTransaction::Msg_ReleaseLayer Processing error: message was deserialized, but the handler returned false (indicating failure)

IPDL protocol error: Handler returned error code!

###!!! [Parent][DispatchAsyncMessage] Error: PLayerTransaction::Msg_ReleaseLayer Processing error: message was deserialized, but the handler returned false (indicating failure)

1621420850592	Marionette	INFO	Stopped listening on port 43561
1621421031995	geckodriver	INFO	Listening on 127.0.0.1:56527
1621421032003	mozrunner::runner	INFO	Running command: "/usr/bin/firefox" "--marionette" "-foreground" "-no-remote" "-profile" "/tmp/rust_mozprofileloZYeF"

(firefox-esr:20269): Gtk-WARNING **: 16:13:52.494: Theme file for Nordic-darker-standard-buttons has no name

(firefox-esr:20269): Gtk-WARNING **: 16:13:52.495: Theme file for Nordic-darker-standard-buttons has no directories
1621421033996	Marionette	INFO	Listening on port 34647
1621421034010	Marionette	WARN	TLS certificate errors will be ignored for this session
1621421236952	geckodriver	INFO	Listening on 127.0.0.1:46537
1621421236959	mozrunner::runner	INFO	Running command: "/usr/bin/firefox" "--marionette" "-foreground" "-no-remote" "-profile" "/tmp/rust_mozprofilej6w7qc"

(firefox-esr:20574): Gtk-WARNING **: 16:17:17.848: Theme file for Nordic-darker-standard-buttons has no name

(firefox-esr:20574): Gtk-WARNING **: 16:17:17.848: Theme file for Nordic-darker-standard-buttons has no directories
1621421239571	Marionette	INFO	Listening on port 35107
1621421239671	Marionette	WARN	TLS certificate errors will be ignored for this session
1621421312950	geckodriver	INFO	Listening on 127.0.0.1:54381
1621421312953	mozrunner::runner	INFO	Running command: "/usr/bin/firefox" "--marionette" "-foreground" "-no-remote" "-profile" "/tmp/rust_mozprofileIqBrcH"

(firefox-esr:20838): Gtk-WARNING **: 16:18:33.589: Theme file for Nordic-darker-standard-buttons has no name

(firefox-esr:20838): Gtk-WARNING **: 16:18:33.589: Theme file for Nordic-darker-standard-buttons has no directories
1621421315465	Marionette	INFO	Listening on port 33153
1621421315561	Marionette	WARN	TLS certificate errors will be ignored for this session
IPDL protocol error: Handler returned error code!

###!!! [Parent][DispatchAsyncMessage] Error: PLayerTransaction::Msg_ReleaseLayer Processing error: message was deserialized, but the handler returned false (indicating failure)

IPDL protocol error: Handler returned error code!

###!!! [Parent][DispatchAsyncMessage] Error: PLayerTransaction::Msg_ReleaseLayer Processing error: message was deserialized, but the handler returned false (indicating failure)

IPDL protocol error: Handler returned error code!

###!!! [Parent][DispatchAsyncMessage] Error: PLayerTransaction::Msg_ReleaseLayer Processing error: message was deserialized, but the handler returned false (indicating failure)

1621421584103	Marionette	INFO	Stopped listening on port 33153
1621421586715	Marionette	INFO	Stopped listening on port 35107
IPDL protocol error: Handler returned error code!

###!!! [Parent][DispatchAsyncMessage] Error: PLayerTransaction::Msg_ReleaseLayer Processing error: message was deserialized, but the handler returned false (indicating failure)

IPDL protocol error: Handler returned error code!

###!!! [Parent][DispatchAsyncMessage] Error: PLayerTransaction::Msg_ReleaseLayer Processing error: message was deserialized, but the handler returned false (indicating failure)

IPDL protocol error: Handler returned error code!

###!!! [Parent][DispatchAsyncMessage] Error: PLayerTransaction::Msg_ReleaseLayer Processing error: message was deserialized, but the handler returned false (indicating failure)

1621421589124	Marionette	INFO	Stopped listening on port 34647
1621421637534	geckodriver	INFO	Listening on 127.0.0.1:47933
1621421638775	mozrunner::runner	INFO	Running command: "/usr/bin/firefox" "--marionette" "-foreground" "-no-remote" "-profile" "/tmp/rust_mozprofileA8VebS"

(firefox-esr:21269): Gtk-WARNING **: 16:24:02.065: Theme file for Nordic-darker-standard-buttons has no name

(firefox-esr:21269): Gtk-WARNING **: 16:24:02.065: Theme file for Nordic-darker-standard-buttons has no directories
1621421646074	Marionette	INFO	Listening on port 33777
1621421646097	Marionette	WARN	TLS certificate errors will be ignored for this session
1621423049129	geckodriver	INFO	Listening on 127.0.0.1:48545
1621423049307	mozrunner::runner	INFO	Running command: "/usr/bin/firefox" "--marionette" "-foreground" "-no-remote" "-profile" "/tmp/rust_mozprofilen9PQNd"

(firefox-esr:22152): Gtk-WARNING **: 16:47:30.972: Theme file for Nordic-darker-standard-buttons has no name

(firefox-esr:22152): Gtk-WARNING **: 16:47:30.972: Theme file for Nordic-darker-standard-buttons has no directories
1621423054360	Marionette	INFO	Listening on port 34981
1621423054427	Marionette	WARN	TLS certificate errors will be ignored for this session
1621423122311	Marionette	INFO	Stopped listening on port 34981
IPDL protocol error: Handler returned error code!

###!!! [Parent][DispatchAsyncMessage] Error: PLayerTransaction::Msg_ReleaseLayer Processing error: message was deserialized, but the handler returned false (indicating failure)

IPDL protocol error: Handler returned error code!

###!!! [Parent][DispatchAsyncMessage] Error: PLayerTransaction::Msg_ReleaseLayer Processing error: message was deserialized, but the handler returned false (indicating failure)

IPDL protocol error: Handler returned error code!

###!!! [Parent][DispatchAsyncMessage] Error: PLayerTransaction::Msg_ReleaseLayer Processing error: message was deserialized, but the handler returned false (indicating failure)

1621423124007	Marionette	INFO	Stopped listening on port 33777
1621426724495	geckodriver	INFO	Listening on 127.0.0.1:60991
1621426724547	mozrunner::runner	INFO	Running command: "/usr/bin/firefox" "--marionette" "-foreground" "-no-remote" "-profile" "/tmp/rust_mozprofilejuUs52"

(firefox-esr:24657): Gtk-WARNING **: 17:48:45.698: Theme file for Nordic-darker-standard-buttons has no name

(firefox-esr:24657): Gtk-WARNING **: 17:48:45.698: Theme file for Nordic-darker-standard-buttons has no directories
1621426729318	Marionette	INFO	Listening on port 40663
1621426729370	Marionette	WARN	TLS certificate errors will be ignored for this session
1621426796297	geckodriver	INFO	Listening on 127.0.0.1:37941
1621426796306	mozrunner::runner	INFO	Running command: "/usr/bin/firefox" "--marionette" "-foreground" "-no-remote" "-profile" "/tmp/rust_mozprofileFIKlfC"

(firefox-esr:24876): Gtk-WARNING **: 17:49:57.322: Theme file for Nordic-darker-standard-buttons has no name

(firefox-esr:24876): Gtk-WARNING **: 17:49:57.322: Theme file for Nordic-darker-standard-buttons has no directories
1621426799496	Marionette	INFO	Stopped listening on port 40663
1621426801159	Marionette	INFO	Listening on port 45281
1621426801228	Marionette	WARN	TLS certificate errors will be ignored for this session
1621426823451	geckodriver	INFO	Listening on 127.0.0.1:35831
1621426823463	mozrunner::runner	INFO	Running command: "/usr/bin/firefox" "--marionette" "-foreground" "-no-remote" "-profile" "/tmp/rust_mozprofile6f290j"

(firefox-esr:25133): Gtk-WARNING **: 17:50:25.500: Theme file for Nordic-darker-standard-buttons has no name

(firefox-esr:25133): Gtk-WARNING **: 17:50:25.500: Theme file for Nordic-darker-standard-buttons has no directories
1621426829658	Marionette	INFO	Listening on port 39757
1621426829722	Marionette	WARN	TLS certificate errors will be ignored for this session
1621426836054	Marionette	INFO	Stopped listening on port 45281
1621426896645	Marionette	INFO	Stopped listening on port 39757
IPDL protocol error: Handler returned error code!

###!!! [Parent][DispatchAsyncMessage] Error: PLayerTransaction::Msg_ReleaseLayer Processing error: message was deserialized, but the handler returned false (indicating failure)

IPDL protocol error: Handler returned error code!

###!!! [Parent][DispatchAsyncMessage] Error: PLayerTransaction::Msg_ReleaseLayer Processing error: message was deserialized, but the handler returned false (indicating failure)

IPDL protocol error: Handler returned error code!

###!!! [Parent][DispatchAsyncMessage] Error: PLayerTransaction::Msg_ReleaseLayer Processing error: message was deserialized, but the handler returned false (indicating failure)

1621427173404	geckodriver	INFO	Listening on 127.0.0.1:51515
1621427173410	mozrunner::runner	INFO	Running command: "/usr/bin/firefox" "--marionette" "-foreground" "-no-remote" "-profile" "/tmp/rust_mozprofileRQKQEE"

(firefox-esr:25610): Gtk-WARNING **: 17:56:14.667: Theme file for Nordic-darker-standard-buttons has no name

(firefox-esr:25610): Gtk-WARNING **: 17:56:14.667: Theme file for Nordic-darker-standard-buttons has no directories
1621427178354	Marionette	INFO	Listening on port 40309
1621427178435	Marionette	WARN	TLS certificate errors will be ignored for this session
JavaScript error: resource://gre/modules/URIFixup.jsm, line 288: NS_ERROR_FAILURE: Should pass a non-null uri
1621427231949	geckodriver	INFO	Listening on 127.0.0.1:49131
1621427231957	mozrunner::runner	INFO	Running command: "/usr/bin/firefox" "--marionette" "-foreground" "-no-remote" "-profile" "/tmp/rust_mozprofilecZYSI8"

(firefox-esr:25854): Gtk-WARNING **: 17:57:13.146: Theme file for Nordic-darker-standard-buttons has no name

(firefox-esr:25854): Gtk-WARNING **: 17:57:13.146: Theme file for Nordic-darker-standard-buttons has no directories
1621427237333	Marionette	INFO	Listening on port 40565
1621427237437	Marionette	WARN	TLS certificate errors will be ignored for this session
JavaScript error: resource://gre/modules/URIFixup.jsm, line 288: NS_ERROR_FAILURE: Should pass a non-null uri
IPDL protocol error: Handler returned error code!

###!!! [Parent][DispatchAsyncMessage] Error: PLayerTransaction::Msg_ReleaseLayer Processing error: message was deserialized, but the handler returned false (indicating failure)

IPDL protocol error: Handler returned error code!

###!!! [Parent][DispatchAsyncMessage] Error: PLayerTransaction::Msg_ReleaseLayer Processing error: message was deserialized, but the handler returned false (indicating failure)

IPDL protocol error: Handler returned error code!

###!!! [Parent][DispatchAsyncMessage] Error: PLayerTransaction::Msg_ReleaseLayer Processing error: message was deserialized, but the handler returned false (indicating failure)

1621427532410	Marionette	INFO	Stopped listening on port 40565
IPDL protocol error: Handler returned error code!

###!!! [Parent][DispatchAsyncMessage] Error: PLayerTransaction::Msg_ReleaseLayer Processing error: message was deserialized, but the handler returned false (indicating failure)

IPDL protocol error: Handler returned error code!

###!!! [Parent][DispatchAsyncMessage] Error: PLayerTransaction::Msg_ReleaseLayer Processing error: message was deserialized, but the handler returned false (indicating failure)

IPDL protocol error: Handler returned error code!

###!!! [Parent][DispatchAsyncMessage] Error: PLayerTransaction::Msg_ReleaseLayer Processing error: message was deserialized, but the handler returned false (indicating failure)

1621427534699	Marionette	INFO	Stopped listening on port 40309
